<?xml version="1.0" encoding="UTF-8"?>
<!-- Generated by org.testng.reporters.JUnitReportReporter -->
<testsuite hostname="Piyush-PC" failures="0" tests="2" name="UdemyClass.ErrorValidation" time="18.299" errors="0" timestamp="2024-03-29T13:50:09 IST" skipped="0">
  <testcase classname="UdemyClass.ErrorValidation" name="loginErrorValidation" time="7.573"/>
  <system-out/>
  <testcase classname="UdemyClass.ErrorValidation" name="productErrorValidation" time="10.726"/>
  <system-out/>
</testsuite> <!-- UdemyClass.ErrorValidation -->
