<?xml version="1.0" encoding="UTF-8"?>
<!-- Generated by org.testng.reporters.JUnitReportReporter -->
<testsuite hostname="Piyush-PC" failures="0" tests="2" name="cucumber.TestNGTestRunner" time="22.965" errors="0" timestamp="2024-04-02T16:00:12 IST" skipped="0">
  <testcase classname="cucumber.TestNGTestRunner" name="runScenario" time="12.624"/>
  <system-out/>
  <testcase classname="cucumber.TestNGTestRunner" name="runScenario" time="10.341"/>
  <system-out/>
</testsuite> <!-- cucumber.TestNGTestRunner -->
