<?xml version="1.0" encoding="UTF-8"?>
<!-- Generated by org.testng.reporters.JUnitReportReporter -->
<testsuite hostname="Piyush-PC" failures="0" tests="2" name="UdemyClass.ErrorValidationTest" time="15.633" errors="0" timestamp="2024-04-01T16:37:16 IST" skipped="0">
  <testcase classname="UdemyClass.ErrorValidationTest" name="productErrorValidation" time="8.497"/>
  <system-out/>
  <testcase classname="UdemyClass.ErrorValidationTest" name="loginErrorValidation" time="7.136"/>
  <system-out/>
</testsuite> <!-- UdemyClass.ErrorValidationTest -->
