<?xml version="1.0" encoding="UTF-8"?>
<!-- Generated by org.testng.reporters.JUnitReportReporter -->
<testsuite hostname="Piyush-PC" failures="0" tests="2" name="UdemyClass.ErrorValidationTest" time="10.773" errors="0" timestamp="2024-04-02T15:45:32 IST" skipped="0">
  <testcase classname="UdemyClass.ErrorValidationTest" name="productErrorValidation" time="6.885"/>
  <testcase classname="UdemyClass.ErrorValidationTest" name="loginErrorValidation" time="3.888"/>
</testsuite> <!-- UdemyClass.ErrorValidationTest -->
