<?xml version="1.0" encoding="UTF-8"?>
<!-- Generated by org.testng.reporters.JUnitReportReporter -->
<testsuite hostname="Piyush-PC" failures="0" tests="2" name="UdemyClass.SubmitOrderTest" time="24.772" errors="0" timestamp="2024-04-01T20:50:05 IST" skipped="0">
  <testcase classname="UdemyClass.SubmitOrderTest" name="submitOrder" time="12.159"/>
  <testcase classname="UdemyClass.SubmitOrderTest" name="submitOrder" time="12.613"/>
</testsuite> <!-- UdemyClass.SubmitOrderTest -->
